# JRE version: Java(TM) SE Runtime Environment (24.0.1+9) (build 24.0.1+9-30)
# Java VM: Java HotSpot(TM) 64-Bit Server VM (24.0.1+9-30, mixed mode, sharing, tiered, compressed oops, compressed class ptrs, g1 gc, windows-amd64)
GC Precious Log:
 CardTable entry size: 512
 Card Set container configuration: InlinePtr #cards 5 size 8 Array Of Cards #cards 10 size 36 Howl #buckets 4 coarsen threshold 1843 Howl Bitmap #cards 512 size 80 coarsen threshold 460 Card regions per heap region 1 cards per card region 2048
 CPUs: 4 total, 4 available
 Memory: 7886M
 Large Page Support: Disabled
 NUMA Support: Disabled
 Compressed Oops: Enabled (32-bit)
 Heap Region Size: 1M
 Heap Min Capacity: 8M
 Heap Initial Capacity: 124M
 Heap Max Capacity: 1972M
 Pre-touch: Disabled
 Parallel Workers: 4
 Concurrent Workers: 1
 Concurrent Refinement Workers: 4
 Periodic GC: Disabled
Heap:
 garbage-first heap   total reserved 2019328K, committed 236544K, used 134519K [0x0000000084c00000, 0x0000000100000000)
  region size 1024K, 89 young (91136K), 9 survivors (9216K)
 Metaspace       used 85350K, committed 86080K, reserved 1179648K
  class space    used 9447K, committed 9728K, reserved 1048576K
GC Heap History (20 events):
Event: 9.124 GC heap before
{Heap before GC invocations=24 (full 0):
 garbage-first heap   total reserved 2019328K, committed 86016K, used 73725K [0x0000000084c00000, 0x0000000100000000)
  region size 1024K, 49 young (50176K), 6 survivors (6144K)
 Metaspace       used 70975K, committed 71488K, reserved 1114112K
  class space    used 7443K, committed 7616K, reserved 1048576K
}
Event: 9.133 GC heap after
{Heap after GC invocations=25 (full 0):
 garbage-first heap   total reserved 2019328K, committed 103424K, used 31505K [0x0000000084c00000, 0x0000000100000000)
  region size 1024K, 6 young (6144K), 6 survivors (6144K)
 Metaspace       used 70975K, committed 71488K, reserved 1114112K
  class space    used 7443K, committed 7616K, reserved 1048576K
}
Event: 9.618 GC heap before
{Heap before GC invocations=25 (full 0):
 garbage-first heap   total reserved 2019328K, committed 103424K, used 86801K [0x0000000084c00000, 0x0000000100000000)
  region size 1024K, 60 young (61440K), 6 survivors (6144K)
 Metaspace       used 75065K, committed 75648K, reserved 1179648K
  class space    used 8266K, committed 8512K, reserved 1048576K
}
Event: 9.626 GC heap after
{Heap after GC invocations=26 (full 0):
 garbage-first heap   total reserved 2019328K, committed 103424K, used 35136K [0x0000000084c00000, 0x0000000100000000)
  region size 1024K, 8 young (8192K), 8 survivors (8192K)
 Metaspace       used 75065K, committed 75648K, reserved 1179648K
  class space    used 8266K, committed 8512K, reserved 1048576K
}
Event: 9.841 GC heap before
{Heap before GC invocations=26 (full 0):
 garbage-first heap   total reserved 2019328K, committed 103424K, used 88384K [0x0000000084c00000, 0x0000000100000000)
  region size 1024K, 60 young (61440K), 8 survivors (8192K)
 Metaspace       used 76628K, committed 77248K, reserved 1179648K
  class space    used 8487K, committed 8768K, reserved 1048576K
}
Event: 9.849 GC heap after
{Heap after GC invocations=27 (full 0):
 garbage-first heap   total reserved 2019328K, committed 103424K, used 36401K [0x0000000084c00000, 0x0000000100000000)
  region size 1024K, 5 young (5120K), 5 survivors (5120K)
 Metaspace       used 76628K, committed 77248K, reserved 1179648K
  class space    used 8487K, committed 8768K, reserved 1048576K
}
Event: 9.958 GC heap before
{Heap before GC invocations=27 (full 0):
 garbage-first heap   total reserved 2019328K, committed 103424K, used 91697K [0x0000000084c00000, 0x0000000100000000)
  region size 1024K, 59 young (60416K), 5 survivors (5120K)
 Metaspace       used 76703K, committed 77312K, reserved 1179648K
  class space    used 8498K, committed 8768K, reserved 1048576K
}
Event: 9.965 GC heap after
{Heap after GC invocations=28 (full 0):
 garbage-first heap   total reserved 2019328K, committed 103424K, used 38223K [0x0000000084c00000, 0x0000000100000000)
  region size 1024K, 7 young (7168K), 7 survivors (7168K)
 Metaspace       used 76703K, committed 77312K, reserved 1179648K
  class space    used 8498K, committed 8768K, reserved 1048576K
}
Event: 10.058 GC heap before
{Heap before GC invocations=29 (full 0):
 garbage-first heap   total reserved 2019328K, committed 103424K, used 89423K [0x0000000084c00000, 0x0000000100000000)
  region size 1024K, 57 young (58368K), 7 survivors (7168K)
 Metaspace       used 76710K, committed 77312K, reserved 1179648K
  class space    used 8498K, committed 8768K, reserved 1048576K
}
Event: 10.070 GC heap after
{Heap after GC invocations=30 (full 0):
 garbage-first heap   total reserved 2019328K, committed 103424K, used 42693K [0x0000000084c00000, 0x0000000100000000)
  region size 1024K, 8 young (8192K), 8 survivors (8192K)
 Metaspace       used 76710K, committed 77312K, reserved 1179648K
  class space    used 8498K, committed 8768K, reserved 1048576K
}
Event: 10.133 GC heap before
{Heap before GC invocations=30 (full 0):
 garbage-first heap   total reserved 2019328K, committed 103424K, used 88773K [0x0000000084c00000, 0x0000000100000000)
  region size 1024K, 53 young (54272K), 8 survivors (8192K)
 Metaspace       used 76721K, committed 77312K, reserved 1179648K
  class space    used 8501K, committed 8768K, reserved 1048576K
}
Event: 10.141 GC heap after
{Heap after GC invocations=31 (full 0):
 garbage-first heap   total reserved 2019328K, committed 236544K, used 43937K [0x0000000084c00000, 0x0000000100000000)
  region size 1024K, 2 young (2048K), 2 survivors (2048K)
 Metaspace       used 76721K, committed 77312K, reserved 1179648K
  class space    used 8501K, committed 8768K, reserved 1048576K
}
Event: 10.392 GC heap before
{Heap before GC invocations=31 (full 0):
 garbage-first heap   total reserved 2019328K, committed 236544K, used 183201K [0x0000000084c00000, 0x0000000100000000)
  region size 1024K, 138 young (141312K), 2 survivors (2048K)
 Metaspace       used 76795K, committed 77376K, reserved 1179648K
  class space    used 8513K, committed 8768K, reserved 1048576K
}
Event: 10.402 GC heap after
{Heap after GC invocations=32 (full 0):
 garbage-first heap   total reserved 2019328K, committed 236544K, used 54403K [0x0000000084c00000, 0x0000000100000000)
  region size 1024K, 12 young (12288K), 12 survivors (12288K)
 Metaspace       used 76795K, committed 77376K, reserved 1179648K
  class space    used 8513K, committed 8768K, reserved 1048576K
}
Event: 10.523 GC heap before
{Heap before GC invocations=32 (full 0):
 garbage-first heap   total reserved 2019328K, committed 236544K, used 169091K [0x0000000084c00000, 0x0000000100000000)
  region size 1024K, 124 young (126976K), 12 survivors (12288K)
 Metaspace       used 76880K, committed 77376K, reserved 1179648K
  class space    used 8534K, committed 8768K, reserved 1048576K
}
Event: 10.527 GC heap after
{Heap after GC invocations=33 (full 0):
 garbage-first heap   total reserved 2019328K, committed 236544K, used 46321K [0x0000000084c00000, 0x0000000100000000)
  region size 1024K, 2 young (2048K), 2 survivors (2048K)
 Metaspace       used 76880K, committed 77376K, reserved 1179648K
  class space    used 8534K, committed 8768K, reserved 1048576K
}
Event: 10.951 GC heap before
{Heap before GC invocations=33 (full 0):
 garbage-first heap   total reserved 2019328K, committed 236544K, used 179441K [0x0000000084c00000, 0x0000000100000000)
  region size 1024K, 132 young (135168K), 2 survivors (2048K)
 Metaspace       used 77659K, committed 78272K, reserved 1179648K
  class space    used 8610K, committed 8896K, reserved 1048576K
}
Event: 10.955 GC heap after
{Heap after GC invocations=34 (full 0):
 garbage-first heap   total reserved 2019328K, committed 236544K, used 47773K [0x0000000084c00000, 0x0000000100000000)
  region size 1024K, 4 young (4096K), 4 survivors (4096K)
 Metaspace       used 77659K, committed 78272K, reserved 1179648K
  class space    used 8610K, committed 8896K, reserved 1048576K
}
Event: 12.282 GC heap before
{Heap before GC invocations=34 (full 0):
 garbage-first heap   total reserved 2019328K, committed 236544K, used 184989K [0x0000000084c00000, 0x0000000100000000)
  region size 1024K, 138 young (141312K), 4 survivors (4096K)
 Metaspace       used 83728K, committed 84480K, reserved 1179648K
  class space    used 9308K, committed 9600K, reserved 1048576K
}
Event: 12.292 GC heap after
{Heap after GC invocations=35 (full 0):
 garbage-first heap   total reserved 2019328K, committed 236544K, used 53623K [0x0000000084c00000, 0x0000000100000000)
  region size 1024K, 9 young (9216K), 9 survivors (9216K)
 Metaspace       used 83728K, committed 84480K, reserved 1179648K
  class space    used 9308K, committed 9600K, reserved 1048576K
}

